Inside docker
/FasterTransformer/build /home/gedatsu/FasterTransformer/scripts
Running mnfd_llama with /home/gedatsu/FasterTransformer/tmp/manifold_llama-4-2.ini
[FT][WARNING] Skip NCCL initialization since requested tensor/pipeline parallel sizes are equals to 1.
Total ranks: 1.
Device NVIDIA A100-SXM4-40GB
P0-0 is running with GPU #0.
Device NVIDIA A100-SXM4-40GB
P0-1 is running with GPU #1.
[WARNING] gemm_config.in is not found; using default GEMM algo
[WARNING] gemm_config.in is not found; using default GEMM algo
after allocation    : free: 32.41 GB, total: 39.39 GB, used:  6.98 GB
after allocation    : free: 32.41 GB, total: 39.39 GB, used:  6.98 GB
Writing 32 elements
    1   450  7483   310  7551   338  1522   823 
    1   450 
zeroCount = 0
[INFO] request_batch_size 4 beam_width 1 head_num 32 size_per_head 128 total_output_len 8 decoder_layers 32 vocab_size 32000 FT-CPP-decoding-beamsearch-time 41.04 ms
[INFO] request_batch_size 4 beam_width 1 head_num 32 size_per_head 128 total_output_len 8 decoder_layers 32 vocab_size 32000 FT-CPP-decoding-beamsearch-time 41.04 ms
/home/gedatsu/FasterTransformer/scripts
"<s> The capital of China is Beij"
"<s> The capital of China is Beij"
"<s> The capital of China is Beij"
"<s> The capital of China is Beij"
