Inside docker
/FasterTransformer/build /home/gedatsu/FasterTransformer/scripts
Running mnfd_llama with /home/gedatsu/FasterTransformer/tmp/async_4gpu_a100/manifold_llama-1-512.ini
[FT][WARNING] Skip NCCL initialization since requested tensor/pipeline parallel sizes are equals to 1.
Total ranks: 1.
Device NVIDIA A100-SXM4-40GB
P0-0 is running with GPU #0.
Device NVIDIA A100-SXM4-40GB
P0-1 is running with GPU #1.
Device NVIDIA A100-SXM4-40GB
P0-2 is running with GPU #2.
Device NVIDIA A100-SXM4-40GB
P0-3 is running with GPU #3.
[WARNING] gemm_config.in is not found; using default GEMM algo
[WARNING] gemm_config.in is not found; using default GEMM algo
[WARNING] gemm_config.in is not found; using default GEMM algo
[WARNING] gemm_config.in is not found; using default GEMM algo
after allocation    : free: 35.43 GB, total: 39.39 GB, used:  3.96 GB
after allocation    : free: 35.43 GB, total: 39.39 GB, used:  3.96 GB
after allocation    : free: 35.43 GB, total: 39.39 GB, used:  3.96 GB
after allocation    : free: 35.43 GB, total: 39.39 GB, used:  3.96 GB
Writing 518 elements
    1   450  7483   310  7551   338  1522   823   292 29889 
zeroCount = 0
[INFO] request_batch_size 1 beam_width 1 head_num 32 size_per_head 128 total_output_len 518 decoder_layers 32 vocab_size 32000 FT-CPP-decoding-beamsearch-time 6592.36 ms
[INFO] request_batch_size 1 beam_width 1 head_num 32 size_per_head 128 total_output_len 518 decoder_layers 32 vocab_size 32000 FT-CPP-decoding-beamsearch-time 6592.37 ms
[INFO] request_batch_size 1 beam_width 1 head_num 32 size_per_head 128 total_output_len 518 decoder_layers 32 vocab_size 32000 FT-CPP-decoding-beamsearch-time 6592.38 ms
[INFO] request_batch_size 1 beam_width 1 head_num 32 size_per_head 128 total_output_len 518 decoder_layers 32 vocab_size 32000 FT-CPP-decoding-beamsearch-time 6592.39 ms
/home/gedatsu/FasterTransformer/scripts
"<s> The capital of China is Beijing. The capital of the United States is Washington, D.C. The capital of France is Paris. The capital of the United Kingdom is London. The capital of Russia is Moscow. The capital of Germany is Berlin. The capital of Italy is Rome. The capital of Spain is Madrid. The capital of Japan is Tokyo. The capital of Australia is Canberra. The capital of Canada is Ottawa. The capital of Brazil is Brasilia. The capital of Mexico is Mexico City. The capital of India is New Delhi. The capital of South Africa is Pretoria. The capital of Egypt is Cairo. The capital of Israel is Jerusalem. The capital of Iran is Tehran. The capital of Pakistan is Islamabad. The capital of Bangladesh is Dhaka. The capital of Indonesia is Jakarta. The capital of Thailand is Bangkok. The capital of Vietnam is Hanoi. The capital of the Philippines is Manila. The capital of Malaysia is Kuala Lumpur. The capital of Singapore is Singapore. The capital of South Korea is Seoul. The capital of North Korea is Pyongyang. The capital of Nepal is Kathmandu. The capital of Bhutan is Thimphu. The capital of Sri Lanka is Colombo. The capital of Myanmar is Naypyidaw. The capital of Cambodia is Phnom Penh. The capital of Laos is Vientiane. The capital of Brunei is Bandar Seri Begawan. The capital of Timor-Leste is Dili. The capital of Papua New Guinea is Port Moresby. The capital of Fiji is Suva. The capital of Tonga is Nuku'alofa. The capital of Samoa is Apia. The capital of Vanuatu is Port Vila. The capital of New Zealand is Wellington. The capital of Tuvalu is Funafuti. The capital of Kiribati is Tarawa. The capital of Nauru is Yaren. The capital of Solomon Islands is Honiara. The capital of Palau is Ngerulmud. The capital of Micronesia is Palikir. The capital of Marshall Islands is Majuro. The capital of Palau is Ngerulmud. The capital of the Cook Islands is Avarua. The capital of French Polynesia is Papeete. The capital of New C"
